2022-01-16 12:20:42,665:INFO:('number inputted', 5)
2022-01-16 12:20:42,681:INFO:('number inputted', 4)
2022-01-16 12:20:42,681:INFO:9
2022-01-16 12:20:42,681:INFO:1
2022-01-16 12:20:42,681:INFO:20
2022-01-16 12:20:42,681:INFO:1.25
2022-01-16 12:22:10,685:INFO:('number inputted', 5)
2022-01-16 12:22:10,685:INFO:('number inputted', 6)
2022-01-16 12:22:10,685:INFO:11
2022-01-16 12:22:10,685:INFO:-1
2022-01-16 12:22:10,685:INFO:30
2022-01-16 12:22:10,685:INFO:0.8333333333333334
2022-01-16 13:46:10,266:INFO:('number inputted', 6.0)
2022-01-16 13:46:10,266:INFO:('number inputted', 6)
2022-01-16 13:46:10,266:INFO:12.0
2022-01-16 13:46:10,266:INFO:0.0
2022-01-16 13:46:10,266:INFO:36.0
2022-01-16 13:46:10,266:INFO:1.0
2022-01-16 13:48:44,466:INFO:12.0
2022-01-16 13:48:44,466:INFO:0.0
2022-01-16 13:48:44,466:INFO:36.0
2022-01-16 13:48:44,466:INFO:1.0
